<?xml version="1.0" encoding="UTF-8"?>
<!-- Generated by org.testng.reporters.JUnitReportReporter -->
<testsuite hostname="LAPTOP-IVDTKOOS" failures="0" tests="1" name="com.swaglabs.test.SwaglabsTest" time="50.849" errors="0" timestamp="2021-11-25T18:42:25 IST" skipped="0">
  <testcase classname="com.swaglabs.test.SwaglabsTest" name="inventory" time="50.849"/>
  <system-out>
    <![CDATA[Logged in succesfully....!!
Sorted items Z to A
Sorted items by price High to Low
Sorted items A to Z
Sorted items by price Low to High
Product added to cart successfully
Product added to cart successfully
On YourCart Page]]>
  </system-out>
</testsuite> <!-- com.swaglabs.test.SwaglabsTest -->
