<?xml version="1.0" encoding="UTF-8"?>
<!-- Generated by org.testng.reporters.JUnitReportReporter -->
<testsuite hostname="LAPTOP-IVDTKOOS" failures="0" tests="1" name="com.swaglabs.test.SwaglabsTest" time="39.474" errors="0" timestamp="2021-11-25T13:34:22 IST" skipped="0">
  <testcase classname="com.swaglabs.test.SwaglabsTest" name="inventory" time="39.474"/>
  <system-out/>
</testsuite> <!-- com.swaglabs.test.SwaglabsTest -->
