<?xml version="1.0" encoding="UTF-8"?>
<!-- Generated by org.testng.reporters.JUnitReportReporter -->
<testsuite hostname="LAPTOP-IVDTKOOS" failures="0" tests="1" name="com.swaglabs.test.SwaglabsTest" time="4.789" errors="0" timestamp="2021-11-24T17:59:12 IST" skipped="0">
  <testcase classname="com.swaglabs.test.SwaglabsTest" name="doSortPriceHitoLo" time="4.789"/>
  <system-out/>
</testsuite> <!-- com.swaglabs.test.SwaglabsTest -->
